Initializing model...
Loading saved model...
Model ready!
Running in production mode on port 5001
 * Serving Flask app 'api'
 * Debug mode: off
Initializing model...
Loading saved model...
Model ready!
Running in production mode on port 5001
 * Serving Flask app 'api'
 * Debug mode: off
Initializing model...
Loading saved model...
Model ready!
Running in production mode on port 5001
 * Serving Flask app 'api'
 * Debug mode: off
Initializing model...
Loading saved model...
Model ready!
Running in production mode on port 5001
 * Serving Flask app 'api'
 * Debug mode: off
Initializing model...
Loading saved model...
Model ready!
Running in production mode on port 5001
 * Serving Flask app 'api'
 * Debug mode: off
Initializing model...
Loading saved model...
Model ready!
Running in production mode on port 5001
 * Serving Flask app 'api'
 * Debug mode: off
Initializing model...
Loading saved model...
Model ready!
Running in production mode on port 5001
 * Serving Flask app 'api'
 * Debug mode: off
Initializing model...
Loading saved model...
Model ready!
Running in production mode on port 5001
 * Serving Flask app 'api'
 * Debug mode: off
Initializing model...
Loading saved model...
Model ready!
Running in production mode on port 5001
 * Serving Flask app 'api'
 * Debug mode: off
Initializing model...
Loading saved model...
Model ready!
Running in production mode on port 5001
 * Serving Flask app 'api'
 * Debug mode: off
Initializing model...
Loading saved model...
Model ready!
Running in production mode on port 5001
 * Serving Flask app 'api'
 * Debug mode: off
Initializing model...
Loading saved model...
Model ready!
Running in production mode on port 5001
 * Serving Flask app 'api'
 * Debug mode: off
Initializing model...
Loading saved model...
Model ready!
Running in production mode on port 5001
 * Serving Flask app 'api'
 * Debug mode: off
Initializing model...
Loading saved model...
Model ready!
Running in production mode on port 5001
 * Serving Flask app 'api'
 * Debug mode: off
Initializing model...
Loading saved model...
Model ready!
Running in production mode on port 5001
 * Serving Flask app 'api'
 * Debug mode: off
Initializing model...
Loading saved model...
Model ready!
Running in production mode on port 5001
 * Serving Flask app 'api'
 * Debug mode: off
Initializing model...
Loading saved model...
Model ready!
Running in production mode on port 5001
 * Serving Flask app 'api'
 * Debug mode: off
Initializing model...
Loading saved model...
Model ready!
Running in production mode on port 5001
 * Serving Flask app 'api'
 * Debug mode: off
Initializing model...
Loading saved model...
Model ready!
Running in production mode on port 5001
 * Serving Flask app 'api'
 * Debug mode: off
Initializing model...
Loading saved model...
Model ready!
Running in production mode on port 5001
 * Serving Flask app 'api'
 * Debug mode: off
Initializing model...
Loading saved model...
Model ready!
Running in production mode on port 5001
 * Serving Flask app 'api'
 * Debug mode: off
Initializing model...
Loading saved model...
Model ready!
Running in production mode on port 5001
 * Serving Flask app 'api'
 * Debug mode: off
Initializing model...
Loading saved model...
Model ready!
Running in production mode on port 5001
 * Serving Flask app 'api'
 * Debug mode: off
Initializing model...
Loading saved model...
Model ready!
Running in production mode on port 5001
 * Serving Flask app 'api'
 * Debug mode: off
Initializing model...
Loading saved model...
Model ready!
Running in production mode on port 5001
 * Serving Flask app 'api'
 * Debug mode: off
Initializing model...
Loading saved model...
Model ready!
Running in production mode on port 5001
 * Serving Flask app 'api'
 * Debug mode: off
Initializing model...
Loading saved model...
Model ready!
Running in production mode on port 5001
 * Serving Flask app 'api'
 * Debug mode: off
Initializing model...
Loading saved model...
Model ready!
Running in production mode on port 5001
 * Serving Flask app 'api'
 * Debug mode: off
